<?xml version="1.0" encoding="UTF-8"?>
<!-- Generated by org.testng.reporters.JUnitReportReporter -->
<testsuite hostname="DESKTOP-39F0CNA" failures="0" tests="1" name="Testing.Test2.GetTest" time="9.272" errors="0" timestamp="2022-11-19T08:19:59 IST" skipped="0">
  <testcase classname="Testing.Test2.GetTest" name="testingGet" time="9.272"/>
  <system-out/>
</testsuite> <!-- Testing.Test2.GetTest -->
